This is pdfTeX, Version 3.14159265-2.6-1.40.17 (MiKTeX 2.9.6100 64-bit) (preloaded format=pdflatex 2016.12.13)  22 MAY 2018 13:46
entering extended mode
**./mybib.tex
(mybib.tex
LaTeX2e <2016/03/31> patch level 3
Babel <3.9r> and hyphenation patterns for 75 language(s) loaded.

! LaTeX Error: Environment thebibliography undefined.

See the LaTeX manual or LaTeX Companion for explanation.
Type  H <return>  for immediate help.
 ...                                              
                                                  
l.1   \begin{thebibliography}
                             {1}
Your command was ignored.
Type  I <command> <return>  to replace it with another command,
or  <return>  to continue without it.


! LaTeX Error: Missing \begin{document}.

See the LaTeX manual or LaTeX Companion for explanation.
Type  H <return>  for immediate help.
 ...                                              
                                                  
l.1   \begin{thebibliography}{1
                               }
You're in trouble here.  Try typing  <return>  to proceed.
If that doesn't work, type  X <return>  to quit.

Missing character: There is no 1 in font nullfont!

Overfull \hbox (20.0pt too wide) in paragraph at lines 1--2
[] 
 []


! LaTeX Error: Lonely \item--perhaps a missing list environment.

See the LaTeX manual or LaTeX Companion for explanation.
Type  H <return>  for immediate help.
 ...                                              
                                                  
l.3   \bibitem{Arduino}
                        Arduino staff {\em http://wwww.arduino.cc introducti...

Try typing  <return>  to proceed.
If that doesn't work, type  X <return>  to quit.

! Undefined control sequence.
<argument> \@listctr 
                     
l.3   \bibitem{Arduino}
                        Arduino staff {\em http://wwww.arduino.cc introducti...
The control sequence at the end of the top line
of your error message was never \def'ed. If you have
misspelled it (e.g., `\hobx'), type `I' and the correct
spelling (e.g., `I\hbox'). Otherwise just continue,
and I'll forget about whatever was undefined.

! You can't use `\relax' after \the.
<recently read> \c@ 
                    
l.3   \bibitem{Arduino}
                        Arduino staff {\em http://wwww.arduino.cc introducti...
I'm forgetting what you said and using zero instead.

\bibcite{Arduino}{0}
Missing character: There is no A in font nullfont!
Missing character: There is no r in font nullfont!
Missing character: There is no d in font nullfont!
Missing character: There is no u in font nullfont!
Missing character: There is no i in font nullfont!
Missing character: There is no n in font nullfont!
Missing character: There is no o in font nullfont!
Missing character: There is no s in font nullfont!
Missing character: There is no t in font nullfont!
Missing character: There is no a in font nullfont!
Missing character: There is no f in font nullfont!
Missing character: There is no f in font nullfont!
Missing character: There is no 2 in font nullfont!
Missing character: There is no 0 in font nullfont!
Missing character: There is no 1 in font nullfont!
Missing character: There is no 6 in font nullfont!
Missing character: There is no . in font nullfont!

Overfull \hbox (104.64934pt too wide) in paragraph at lines 3--4
\OT1/cmr/m/it/10 http://wwww.arduino.cc
 []


Overfull \hbox (12.26659pt too wide) in paragraph at lines 3--4
\OT1/cmr/m/it/10 in-
 []


Overfull \hbox (15.71652pt too wide) in paragraph at lines 3--4
\OT1/cmr/m/it/10 tro-
 []


Overfull \hbox (18.65543pt too wide) in paragraph at lines 3--4
\OT1/cmr/m/it/10 duc-
 []


Overfull \hbox (17.12212pt too wide) in paragraph at lines 3--4
\OT1/cmr/m/it/10 tion
 []


! LaTeX Error: Lonely \item--perhaps a missing list environment.

See the LaTeX manual or LaTeX Companion for explanation.
Type  H <return>  for immediate help.
 ...                                              
                                                  
l.5   \bibitem{impj}
                      The Japan Reader {\em Imperial Japan 1800-1945} 1973:
Try typing  <return>  to proceed.
If that doesn't work, type  X <return>  to quit.

! Undefined control sequence.
<argument> \@listctr 
                     
l.5   \bibitem{impj}
                      The Japan Reader {\em Imperial Japan 1800-1945} 1973:
The control sequence at the end of the top line
of your error message was never \def'ed. If you have
misspelled it (e.g., `\hobx'), type `I' and the correct
spelling (e.g., `I\hbox'). Otherwise just continue,
and I'll forget about whatever was undefined.

! You can't use `\relax' after \the.
<recently read> \c@ 
                    
l.5   \bibitem{impj}
                      The Japan Reader {\em Imperial Japan 1800-1945} 1973:
I'm forgetting what you said and using zero instead.

\bibcite{impj}{0}
Missing character: There is no T in font nullfont!
Missing character: There is no h in font nullfont!
Missing character: There is no e in font nullfont!
Missing character: There is no J in font nullfont!
Missing character: There is no a in font nullfont!
Missing character: There is no p in font nullfont!
Missing character: There is no a in font nullfont!
Missing character: There is no n in font nullfont!
Missing character: There is no R in font nullfont!
Missing character: There is no e in font nullfont!
Missing character: There is no a in font nullfont!
Missing character: There is no d in font nullfont!
Missing character: There is no e in font nullfont!
Missing character: There is no r in font nullfont!
Missing character: There is no 1 in font nullfont!
Missing character: There is no 9 in font nullfont!
Missing character: There is no 7 in font nullfont!
Missing character: There is no 3 in font nullfont!
Missing character: There is no : in font nullfont!
Missing character: There is no R in font nullfont!
Missing character: There is no a in font nullfont!
Missing character: There is no n in font nullfont!
Missing character: There is no d in font nullfont!
Missing character: There is no o in font nullfont!
Missing character: There is no m in font nullfont!
Missing character: There is no H in font nullfont!
Missing character: There is no o in font nullfont!
Missing character: There is no u in font nullfont!
Missing character: There is no s in font nullfont!
Missing character: There is no e in font nullfont!
Missing character: There is no , in font nullfont!
Missing character: There is no N in font nullfont!
Missing character: There is no . in font nullfont!
Missing character: There is no Y in font nullfont!
Missing character: There is no . in font nullfont!

Overfull \hbox (15.61101pt too wide) in paragraph at lines 5--7
\OT1/cmr/m/it/10 Im-
 []


Overfull \hbox (12.77766pt too wide) in paragraph at lines 5--7
\OT1/cmr/m/it/10 pe-
 []


Overfull \hbox (14.9499pt too wide) in paragraph at lines 5--7
\OT1/cmr/m/it/10 rial
 []


Overfull \hbox (25.69427pt too wide) in paragraph at lines 5--7
\OT1/cmr/m/it/10 Japan
 []


Overfull \hbox (24.02208pt too wide) in paragraph at lines 5--7
\OT1/cmr/m/it/10 1800-
 []


Overfull \hbox (20.44434pt too wide) in paragraph at lines 5--7
\OT1/cmr/m/it/10 1945
 []


! LaTeX Error: Lonely \item--perhaps a missing list environment.

See the LaTeX manual or LaTeX Companion for explanation.
Type  H <return>  for immediate help.
 ...                                              
                                                  
l.8   \bibitem{norman}
                       E. H. Norman {\em Japan's emergence as a modern
Try typing  <return>  to proceed.
If that doesn't work, type  X <return>  to quit.

! Undefined control sequence.
<argument> \@listctr 
                     
l.8   \bibitem{norman}
                       E. H. Norman {\em Japan's emergence as a modern
The control sequence at the end of the top line
of your error message was never \def'ed. If you have
misspelled it (e.g., `\hobx'), type `I' and the correct
spelling (e.g., `I\hbox'). Otherwise just continue,
and I'll forget about whatever was undefined.

! You can't use `\relax' after \the.
<recently read> \c@ 
                    
l.8   \bibitem{norman}
                       E. H. Norman {\em Japan's emergence as a modern
I'm forgetting what you said and using zero instead.

\bibcite{norman}{0}
Missing character: There is no E in font nullfont!
Missing character: There is no . in font nullfont!
Missing character: There is no H in font nullfont!
Missing character: There is no . in font nullfont!
Missing character: There is no N in font nullfont!
Missing character: There is no o in font nullfont!
Missing character: There is no r in font nullfont!
Missing character: There is no m in font nullfont!
Missing character: There is no a in font nullfont!
Missing character: There is no n in font nullfont!
Missing character: There is no 1 in font nullfont!
Missing character: There is no 9 in font nullfont!
Missing character: There is no 4 in font nullfont!
Missing character: There is no 0 in font nullfont!
Missing character: There is no : in font nullfont!
Missing character: There is no I in font nullfont!
Missing character: There is no n in font nullfont!
Missing character: There is no t in font nullfont!
Missing character: There is no e in font nullfont!
Missing character: There is no r in font nullfont!
Missing character: There is no n in font nullfont!
Missing character: There is no a in font nullfont!
Missing character: There is no t in font nullfont!
Missing character: There is no i in font nullfont!
Missing character: There is no o in font nullfont!
Missing character: There is no n in font nullfont!
Missing character: There is no a in font nullfont!
Missing character: There is no l in font nullfont!
Missing character: There is no S in font nullfont!
Missing character: There is no e in font nullfont!
Missing character: There is no c in font nullfont!
Missing character: There is no r in font nullfont!
Missing character: There is no e in font nullfont!
Missing character: There is no t in font nullfont!
Missing character: There is no a in font nullfont!
Missing character: There is no r in font nullfont!
Missing character: There is no i in font nullfont!
Missing character: There is no a in font nullfont!
Missing character: There is no t in font nullfont!
Missing character: There is no , in font nullfont!
Missing character: There is no I in font nullfont!
Missing character: There is no n in font nullfont!
Missing character: There is no s in font nullfont!
Missing character: There is no t in font nullfont!
Missing character: There is no i in font nullfont!
Missing character: There is no t in font nullfont!
Missing character: There is no u in font nullfont!
Missing character: There is no t in font nullfont!
Missing character: There is no e in font nullfont!
Missing character: There is no o in font nullfont!
Missing character: There is no f in font nullfont!
Missing character: There is no P in font nullfont!
Missing character: There is no a in font nullfont!
Missing character: There is no c in font nullfont!
Missing character: There is no i in font nullfont!
Missing character: There is no f in font nullfont!
Missing character: There is no i in font nullfont!
Missing character: There is no c in font nullfont!
Missing character: There is no R in font nullfont!
Missing character: There is no e in font nullfont!
Missing character: There is no l in font nullfont!
Missing character: There is no a in font nullfont!
Missing character: There is no t in font nullfont!
Missing character: There is no i in font nullfont!
Missing character: There is no o in font nullfont!
Missing character: There is no n in font nullfont!
Missing character: There is no s in font nullfont!
Missing character: There is no . in font nullfont!

Overfull \hbox (31.82758pt too wide) in paragraph at lines 8--11
\OT1/cmr/m/it/10 Japan's
 []


Overfull \hbox (25.17203pt too wide) in paragraph at lines 8--11
\OT1/cmr/m/it/10 emer-
 []


Overfull \hbox (23.51091pt too wide) in paragraph at lines 8--11
\OT1/cmr/m/it/10 gence
 []


Overfull \hbox (9.19995pt too wide) in paragraph at lines 8--11
\OT1/cmr/m/it/10 as
 []


Overfull \hbox (5.11108pt too wide) in paragraph at lines 8--11
\OT1/cmr/m/it/10 a
 []


Overfull \hbox (21.46652pt too wide) in paragraph at lines 8--11
\OT1/cmr/m/it/10 mod-
 []


Overfull \hbox (14.43878pt too wide) in paragraph at lines 8--11
\OT1/cmr/m/it/10 ern
 []


Overfull \hbox (20.44429pt too wide) in paragraph at lines 8--11
\OT1/cmr/m/it/10 state
 []


! LaTeX Error: Lonely \item--perhaps a missing list environment.

See the LaTeX manual or LaTeX Companion for explanation.
Type  H <return>  for immediate help.
 ...                                              
                                                  
l.12   \bibitem{fo}
                    Bob Tadashi Wakabayashi {\em Anti-Foreignism and Western
Try typing  <return>  to proceed.
If that doesn't work, type  X <return>  to quit.

! Undefined control sequence.
<argument> \@listctr 
                     
l.12   \bibitem{fo}
                    Bob Tadashi Wakabayashi {\em Anti-Foreignism and Western
The control sequence at the end of the top line
of your error message was never \def'ed. If you have
misspelled it (e.g., `\hobx'), type `I' and the correct
spelling (e.g., `I\hbox'). Otherwise just continue,
and I'll forget about whatever was undefined.

! You can't use `\relax' after \the.
<recently read> \c@ 
                    
l.12   \bibitem{fo}
                    Bob Tadashi Wakabayashi {\em Anti-Foreignism and Western
I'm forgetting what you said and using zero instead.

\bibcite{fo}{0}
Missing character: There is no B in font nullfont!
Missing character: There is no o in font nullfont!
Missing character: There is no b in font nullfont!
Missing character: There is no T in font nullfont!
Missing character: There is no a in font nullfont!
Missing character: There is no d in font nullfont!
Missing character: There is no a in font nullfont!
Missing character: There is no s in font nullfont!
Missing character: There is no h in font nullfont!
Missing character: There is no i in font nullfont!
Missing character: There is no W in font nullfont!
Missing character: There is no a in font nullfont!
Missing character: There is no k in font nullfont!
Missing character: There is no a in font nullfont!
Missing character: There is no b in font nullfont!
Missing character: There is no a in font nullfont!
Missing character: There is no y in font nullfont!
Missing character: There is no a in font nullfont!
Missing character: There is no s in font nullfont!
Missing character: There is no h in font nullfont!
Missing character: There is no i in font nullfont!
Missing character: There is no 1 in font nullfont!
Missing character: There is no 9 in font nullfont!
Missing character: There is no 8 in font nullfont!
Missing character: There is no 6 in font nullfont!
Missing character: There is no : in font nullfont!
Missing character: There is no H in font nullfont!
Missing character: There is no a in font nullfont!
Missing character: There is no r in font nullfont!
Missing character: There is no v in font nullfont!
Missing character: There is no a in font nullfont!
Missing character: There is no r in font nullfont!
Missing character: There is no d in font nullfont!
Missing character: There is no U in font nullfont!
Missing character: There is no n in font nullfont!
Missing character: There is no i in font nullfont!
Missing character: There is no v in font nullfont!
Missing character: There is no e in font nullfont!
Missing character: There is no r in font nullfont!
Missing character: There is no s in font nullfont!
Missing character: There is no i in font nullfont!
Missing character: There is no t in font nullfont!
Missing character: There is no y in font nullfont!
Missing character: There is no P in font nullfont!
Missing character: There is no r in font nullfont!
Missing character: There is no e in font nullfont!
Missing character: There is no s in font nullfont!
Missing character: There is no s in font nullfont!
Missing character: There is no . in font nullfont!

Overfull \hbox (22.7665pt too wide) in paragraph at lines 12--14
\OT1/cmr/m/it/10 Anti-
 []


Overfull \hbox (47.79967pt too wide) in paragraph at lines 12--14
\OT1/cmr/m/it/10 Foreignism
 []


Overfull \hbox (15.84436pt too wide) in paragraph at lines 12--14
\OT1/cmr/m/it/10 and
 []


Overfull \hbox (25.57759pt too wide) in paragraph at lines 12--14
\OT1/cmr/m/it/10 West-
 []


Overfull \hbox (14.43878pt too wide) in paragraph at lines 12--14
\OT1/cmr/m/it/10 ern
 []


Overfull \hbox (28.37753pt too wide) in paragraph at lines 12--14
\OT1/cmr/m/it/10 Learn-
 []


Overfull \hbox (13.2888pt too wide) in paragraph at lines 12--14
\OT1/cmr/m/it/10 ing
 []


Overfull \hbox (8.68884pt too wide) in paragraph at lines 12--14
\OT1/cmr/m/it/10 in
 []


Overfull \hbox (27.09981pt too wide) in paragraph at lines 12--14
\OT1/cmr/m/it/10 Early-
 []


Overfull \hbox (33.11644pt too wide) in paragraph at lines 12--14
\OT1/cmr/m/it/10 Modern
 []


Overfull \hbox (25.69427pt too wide) in paragraph at lines 12--14
\OT1/cmr/m/it/10 Japan
 []


! LaTeX Error: \begin{document} ended by \end{thebibliography}.

See the LaTeX manual or LaTeX Companion for explanation.
Type  H <return>  for immediate help.
 ...                                              
                                                  
l.15   \end{thebibliography}
                            
Your command was ignored.
Type  I <command> <return>  to replace it with another command,
or  <return>  to continue without it.

)
! Emergency stop.
<*> ./mybib.tex
               
*** (job aborted, no legal \end found)

 
Here is how much of TeX's memory you used:
 12 strings out of 493333
 137 string characters out of 3139199
 54242 words of memory out of 3000000
 3641 multiletter control sequences out of 15000+200000
 3986 words of font info for 15 fonts, out of 3000000 for 9000
 1141 hyphenation exceptions out of 8191
 13i,1n,9p,115b,74s stack positions out of 5000i,500n,10000p,200000b,50000s
!  ==> Fatal error occurred, no output PDF file produced!
